<?xml version="1.0" ?>
<!DOCTYPE coverage SYSTEM 'http://cobertura.sourceforge.net/xml/coverage-04.dtd'>
<coverage line-rate="0.951" lines-covered="872" lines-valid="917" branch-rate="1.0" branches-covered="1.0" branches-rate="1.0" complexity="1.0" version="1.9" timestamp="1740165901">
	<sources>
		<source>/home/runner/work/zrec/zrec/src/</source>
	</sources>
	<packages>
		<package name="test" line-rate="0.951" lines-covered="872" lines-valid="917" branch-rate="1.0" complexity="1.0">
			<classes>
				<class name="testing_utils_zig__11" filename="filetypes/testing_utils.zig" branch-rate="1.0" complexity="1.0" line-rate="1.000">
					<lines>
						<line number="9" hits="1"/>
						<line number="10" hits="1"/>
						<line number="11" hits="1"/>
						<line number="14" hits="2"/>
						<line number="15" hits="1"/>
						<line number="16" hits="1"/>
						<line number="17" hits="1"/>
						<line number="18" hits="1"/>
						<line number="24" hits="2"/>
						<line number="25" hits="1"/>
						<line number="26" hits="2"/>
						<line number="27" hits="1"/>
						<line number="28" hits="1"/>
						<line number="31" hits="2"/>
						<line number="32" hits="1"/>
						<line number="33" hits="1"/>
						<line number="34" hits="1"/>
						<line number="49" hits="2"/>
					</lines>
				</class>
				<class name="NTFS_zig__12" filename="filesystems/NTFS.zig" branch-rate="1.0" complexity="1.0" line-rate="0.400">
					<lines>
						<line number="18" hits="2"/>
						<line number="22" hits="1"/>
						<line number="35" hits="0"/>
						<line number="36" hits="0"/>
						<line number="37" hits="0"/>
					</lines>
				</class>
				<class name="EXT2_zig__13" filename="filesystems/EXT2.zig" branch-rate="1.0" complexity="1.0" line-rate="0.970">
					<lines>
						<line number="289" hits="1"/>
						<line number="290" hits="1"/>
						<line number="293" hits="1"/>
						<line number="294" hits="1"/>
						<line number="340" hits="2"/>
						<line number="341" hits="1"/>
						<line number="342" hits="0"/>
						<line number="344" hits="1"/>
						<line number="347" hits="1"/>
						<line number="356" hits="2"/>
						<line number="357" hits="3"/>
						<line number="358" hits="3"/>
						<line number="359" hits="3"/>
						<line number="360" hits="1"/>
						<line number="361" hits="1"/>
						<line number="365" hits="2"/>
						<line number="366" hits="1"/>
						<line number="370" hits="1"/>
						<line number="372" hits="2"/>
						<line number="373" hits="1"/>
						<line number="376" hits="2"/>
						<line number="377" hits="1"/>
						<line number="380" hits="2"/>
						<line number="381" hits="2"/>
						<line number="382" hits="1"/>
						<line number="383" hits="1"/>
						<line number="386" hits="2"/>
						<line number="387" hits="1"/>
						<line number="389" hits="2"/>
						<line number="390" hits="2"/>
						<line number="454" hits="2"/>
						<line number="455" hits="1"/>
						<line number="509" hits="2"/>
						<line number="510" hits="1"/>
						<line number="571" hits="1"/>
						<line number="572" hits="1"/>
						<line number="684" hits="1"/>
						<line number="685" hits="1"/>
						<line number="744" hits="2"/>
						<line number="746" hits="1"/>
						<line number="747" hits="1"/>
						<line number="748" hits="1"/>
						<line number="749" hits="1"/>
						<line number="750" hits="1"/>
						<line number="751" hits="1"/>
						<line number="752" hits="1"/>
						<line number="754" hits="1"/>
						<line number="755" hits="1"/>
						<line number="757" hits="1"/>
						<line number="766" hits="2"/>
						<line number="767" hits="1"/>
						<line number="770" hits="2"/>
						<line number="771" hits="2"/>
						<line number="772" hits="1"/>
						<line number="774" hits="1"/>
						<line number="799" hits="2"/>
						<line number="800" hits="1"/>
						<line number="801" hits="0"/>
						<line number="803" hits="1"/>
						<line number="805" hits="1"/>
						<line number="811" hits="1"/>
						<line number="812" hits="1"/>
						<line number="813" hits="1"/>
						<line number="816" hits="1"/>
						<line number="817" hits="0"/>
						<line number="819" hits="1"/>
						<line number="822" hits="1"/>
						<line number="825" hits="2"/>
						<line number="826" hits="1"/>
						<line number="827" hits="1"/>
						<line number="828" hits="1"/>
						<line number="839" hits="2"/>
						<line number="840" hits="1"/>
						<line number="843" hits="2"/>
						<line number="844" hits="1"/>
						<line number="845" hits="1"/>
						<line number="847" hits="1"/>
						<line number="848" hits="1"/>
						<line number="849" hits="1"/>
						<line number="850" hits="2"/>
						<line number="852" hits="1"/>
						<line number="855" hits="2"/>
						<line number="856" hits="1"/>
						<line number="857" hits="1"/>
						<line number="860" hits="2"/>
						<line number="861" hits="1"/>
						<line number="862" hits="0"/>
						<line number="864" hits="1"/>
						<line number="865" hits="1"/>
						<line number="866" hits="2"/>
						<line number="867" hits="1"/>
						<line number="868" hits="1"/>
						<line number="870" hits="1"/>
						<line number="874" hits="2"/>
						<line number="875" hits="2"/>
						<line number="876" hits="1"/>
						<line number="877" hits="1"/>
						<line number="880" hits="2"/>
						<line number="881" hits="1"/>
						<line number="882" hits="1"/>
						<line number="885" hits="2"/>
						<line number="886" hits="1"/>
						<line number="889" hits="2"/>
						<line number="890" hits="1"/>
						<line number="891" hits="1"/>
						<line number="894" hits="2"/>
						<line number="895" hits="1"/>
						<line number="897" hits="1"/>
						<line number="900" hits="2"/>
						<line number="901" hits="1"/>
						<line number="902" hits="1"/>
						<line number="904" hits="2"/>
						<line number="905" hits="3"/>
						<line number="906" hits="3"/>
						<line number="908" hits="1"/>
						<line number="918" hits="2"/>
						<line number="919" hits="1"/>
						<line number="920" hits="1"/>
						<line number="924" hits="2"/>
						<line number="925" hits="1"/>
						<line number="926" hits="1"/>
						<line number="929" hits="1"/>
						<line number="930" hits="1"/>
						<line number="934" hits="3"/>
						<line number="935" hits="3"/>
						<line number="936" hits="1"/>
						<line number="937" hits="1"/>
						<line number="938" hits="1"/>
						<line number="939" hits="3"/>
						<line number="941" hits="1"/>
						<line number="944" hits="2"/>
						<line number="945" hits="1"/>
						<line number="946" hits="1"/>
						<line number="947" hits="1"/>
						<line number="948" hits="0"/>
						<line number="950" hits="1"/>
						<line number="953" hits="1"/>
						<line number="957" hits="2"/>
						<line number="958" hits="1"/>
						<line number="959" hits="1"/>
						<line number="961" hits="1"/>
						<line number="963" hits="1"/>
						<line number="967" hits="2"/>
						<line number="968" hits="1"/>
						<line number="969" hits="1"/>
						<line number="970" hits="0"/>
						<line number="972" hits="3"/>
						<line number="973" hits="2"/>
						<line number="974" hits="1"/>
						<line number="975" hits="1"/>
						<line number="976" hits="1"/>
						<line number="977" hits="1"/>
						<line number="978" hits="1"/>
						<line number="979" hits="0"/>
						<line number="980" hits="1"/>
						<line number="981" hits="1"/>
						<line number="982" hits="3"/>
						<line number="983" hits="3"/>
						<line number="985" hits="2"/>
						<line number="988" hits="2"/>
						<line number="989" hits="1"/>
						<line number="990" hits="2"/>
						<line number="991" hits="1"/>
						<line number="995" hits="1"/>
						<line number="996" hits="1"/>
						<line number="1006" hits="1"/>
						<line number="1007" hits="1"/>
						<line number="1008" hits="1"/>
						<line number="1011" hits="2"/>
						<line number="1012" hits="3"/>
						<line number="1013" hits="2"/>
						<line number="1014" hits="1"/>
						<line number="1015" hits="0"/>
						<line number="1018" hits="1"/>
						<line number="1019" hits="1"/>
						<line number="1020" hits="1"/>
						<line number="1021" hits="1"/>
						<line number="1022" hits="1"/>
						<line number="1024" hits="2"/>
						<line number="1025" hits="2"/>
						<line number="1026" hits="2"/>
						<line number="1027" hits="1"/>
						<line number="1028" hits="1"/>
						<line number="1029" hits="1"/>
						<line number="1032" hits="2"/>
						<line number="1035" hits="48"/>
						<line number="1036" hits="1"/>
						<line number="1039" hits="1"/>
						<line number="1040" hits="1"/>
						<line number="1041" hits="1"/>
						<line number="1042" hits="1"/>
						<line number="1043" hits="1"/>
						<line number="1045" hits="1"/>
						<line number="1046" hits="1"/>
						<line number="1048" hits="1"/>
						<line number="1049" hits="1"/>
						<line number="1051" hits="3"/>
						<line number="1052" hits="2"/>
						<line number="1054" hits="1"/>
						<line number="1055" hits="1"/>
						<line number="1056" hits="1"/>
						<line number="1058" hits="1"/>
						<line number="1059" hits="1"/>
						<line number="1060" hits="1"/>
						<line number="1062" hits="1"/>
						<line number="1063" hits="1"/>
						<line number="1064" hits="3"/>
						<line number="1067" hits="1"/>
						<line number="1068" hits="1"/>
						<line number="1069" hits="1"/>
						<line number="1070" hits="1"/>
						<line number="1071" hits="1"/>
						<line number="1073" hits="2"/>
						<line number="1074" hits="1"/>
						<line number="1085" hits="2"/>
						<line number="1089" hits="2"/>
						<line number="1090" hits="1"/>
						<line number="1091" hits="1"/>
						<line number="1092" hits="1"/>
						<line number="1093" hits="1"/>
						<line number="1094" hits="1"/>
						<line number="1095" hits="1"/>
						<line number="1096" hits="1"/>
						<line number="1097" hits="1"/>
						<line number="1100" hits="1"/>
						<line number="1101" hits="1"/>
						<line number="1102" hits="1"/>
						<line number="1103" hits="1"/>
						<line number="1104" hits="1"/>
						<line number="1106" hits="2"/>
						<line number="1109" hits="1"/>
						<line number="1110" hits="1"/>
						<line number="1111" hits="1"/>
						<line number="1112" hits="1"/>
						<line number="1113" hits="1"/>
						<line number="1115" hits="1"/>
						<line number="1116" hits="2"/>
						<line number="1117" hits="2"/>
						<line number="1118" hits="2"/>
						<line number="1119" hits="2"/>
						<line number="1120" hits="2"/>
						<line number="1121" hits="2"/>
						<line number="1122" hits="1"/>
						<line number="1123" hits="2"/>
						<line number="1124" hits="2"/>
						<line number="1125" hits="2"/>
						<line number="1126" hits="2"/>
						<line number="1127" hits="2"/>
						<line number="1130" hits="1"/>
						<line number="1131" hits="1"/>
						<line number="1132" hits="1"/>
						<line number="1133" hits="1"/>
						<line number="1134" hits="1"/>
						<line number="1136" hits="1"/>
						<line number="1137" hits="1"/>
						<line number="1139" hits="2"/>
						<line number="1142" hits="1"/>
						<line number="1143" hits="1"/>
						<line number="1144" hits="1"/>
						<line number="1145" hits="1"/>
						<line number="1146" hits="1"/>
						<line number="1148" hits="1"/>
						<line number="1149" hits="1"/>
						<line number="1150" hits="1"/>
						<line number="1151" hits="1"/>
						<line number="1152" hits="3"/>
						<line number="1153" hits="1"/>
						<line number="1154" hits="3"/>
					</lines>
				</class>
				<class name="FAT_zig__14" filename="filesystems/FAT.zig" branch-rate="1.0" complexity="1.0" line-rate="0.953">
					<lines>
						<line number="274" hits="2"/>
						<line number="275" hits="1"/>
						<line number="276" hits="1"/>
						<line number="277" hits="1"/>
						<line number="279" hits="2"/>
						<line number="280" hits="3"/>
						<line number="282" hits="2"/>
						<line number="283" hits="0"/>
						<line number="285" hits="2"/>
						<line number="286" hits="1"/>
						<line number="287" hits="1"/>
						<line number="288" hits="1"/>
						<line number="289" hits="2"/>
						<line number="290" hits="2"/>
						<line number="292" hits="1"/>
						<line number="295" hits="3"/>
						<line number="301" hits="1"/>
						<line number="302" hits="1"/>
						<line number="305" hits="2"/>
						<line number="306" hits="1"/>
						<line number="307" hits="1"/>
						<line number="308" hits="1"/>
						<line number="311" hits="2"/>
						<line number="312" hits="1"/>
						<line number="313" hits="0"/>
						<line number="314" hits="1"/>
						<line number="315" hits="0"/>
						<line number="316" hits="1"/>
						<line number="317" hits="2"/>
						<line number="318" hits="1"/>
						<line number="319" hits="2"/>
						<line number="322" hits="1"/>
						<line number="325" hits="2"/>
						<line number="326" hits="1"/>
						<line number="327" hits="1"/>
						<line number="328" hits="1"/>
						<line number="331" hits="1"/>
						<line number="334" hits="2"/>
						<line number="335" hits="1"/>
						<line number="336" hits="2"/>
						<line number="337" hits="1"/>
						<line number="338" hits="1"/>
						<line number="339" hits="1"/>
						<line number="343" hits="2"/>
						<line number="344" hits="2"/>
						<line number="345" hits="1"/>
						<line number="365" hits="2"/>
						<line number="366" hits="1"/>
						<line number="369" hits="2"/>
						<line number="370" hits="1"/>
						<line number="371" hits="1"/>
						<line number="372" hits="1"/>
						<line number="373" hits="0"/>
						<line number="375" hits="1"/>
						<line number="376" hits="1"/>
						<line number="377" hits="1"/>
						<line number="378" hits="1"/>
						<line number="381" hits="1"/>
						<line number="382" hits="1"/>
						<line number="392" hits="1"/>
						<line number="393" hits="1"/>
						<line number="394" hits="1"/>
						<line number="395" hits="1"/>
						<line number="396" hits="1"/>
						<line number="398" hits="2"/>
						<line number="399" hits="1"/>
						<line number="400" hits="1"/>
						<line number="401" hits="1"/>
						<line number="402" hits="1"/>
						<line number="403" hits="1"/>
						<line number="404" hits="2"/>
						<line number="407" hits="1"/>
						<line number="408" hits="1"/>
						<line number="409" hits="1"/>
						<line number="410" hits="1"/>
						<line number="411" hits="1"/>
						<line number="413" hits="2"/>
						<line number="414" hits="1"/>
						<line number="415" hits="1"/>
						<line number="417" hits="1"/>
						<line number="419" hits="2"/>
						<line number="420" hits="2"/>
						<line number="421" hits="2"/>
						<line number="422" hits="2"/>
						<line number="423" hits="2"/>
						<line number="424" hits="2"/>
					</lines>
				</class>
				<class name="utils_zig__15" filename="utils.zig" branch-rate="1.0" complexity="1.0" line-rate="1.000">
					<lines>
						<line number="28" hits="1"/>
						<line number="29" hits="1"/>
					</lines>
				</class>
				<class name="printer_zig__16" filename="printer.zig" branch-rate="1.0" complexity="1.0" line-rate="1.000">
					<lines>
						<line number="24" hits="18"/>
						<line number="25" hits="18"/>
						<line number="26" hits="9"/>
						<line number="27" hits="9"/>
						<line number="28" hits="9"/>
						<line number="29" hits="18"/>
						<line number="30" hits="9"/>
						<line number="31" hits="27"/>
						<line number="32" hits="18"/>
						<line number="33" hits="9"/>
						<line number="34" hits="27"/>
						<line number="35" hits="18"/>
						<line number="36" hits="27"/>
						<line number="37" hits="9"/>
						<line number="38" hits="10"/>
						<line number="45" hits="9"/>
						<line number="46" hits="3"/>
						<line number="48" hits="30"/>
						<line number="49" hits="10"/>
						<line number="50" hits="30"/>
						<line number="51" hits="30"/>
						<line number="53" hits="3"/>
						<line number="54" hits="9"/>
						<line number="58" hits="6"/>
						<line number="64" hits="1"/>
						<line number="65" hits="3"/>
						<line number="67" hits="3"/>
						<line number="82" hits="3"/>
						<line number="85" hits="1"/>
						<line number="87" hits="2"/>
						<line number="88" hits="2"/>
						<line number="89" hits="3"/>
						<line number="90" hits="1"/>
						<line number="91" hits="2"/>
						<line number="92" hits="3"/>
						<line number="93" hits="3"/>
						<line number="94" hits="1"/>
						<line number="95" hits="2"/>
						<line number="97" hits="2"/>
						<line number="102" hits="9"/>
						<line number="103" hits="18"/>
						<line number="107" hits="1"/>
						<line number="148" hits="1"/>
						<line number="169" hits="1"/>
						<line number="170" hits="1"/>
						<line number="171" hits="1"/>
						<line number="172" hits="1"/>
						<line number="175" hits="1"/>
						<line number="176" hits="1"/>
					</lines>
				</class>
				<class name="png_zig__17" filename="filetypes/png.zig" branch-rate="1.0" complexity="1.0" line-rate="0.881">
					<lines>
						<line number="13" hits="2"/>
						<line number="14" hits="1"/>
						<line number="20" hits="2"/>
						<line number="21" hits="1"/>
						<line number="24" hits="0"/>
						<line number="25" hits="0"/>
						<line number="26" hits="0"/>
						<line number="27" hits="0"/>
						<line number="39" hits="2"/>
						<line number="40" hits="1"/>
						<line number="51" hits="2"/>
						<line number="52" hits="1"/>
						<line number="58" hits="2"/>
						<line number="59" hits="1"/>
						<line number="62" hits="2"/>
						<line number="63" hits="1"/>
						<line number="64" hits="1"/>
						<line number="65" hits="1"/>
						<line number="66" hits="0"/>
						<line number="68" hits="1"/>
						<line number="69" hits="1"/>
						<line number="70" hits="1"/>
						<line number="71" hits="1"/>
						<line number="72" hits="1"/>
						<line number="73" hits="1"/>
						<line number="75" hits="1"/>
						<line number="76" hits="1"/>
						<line number="77" hits="1"/>
						<line number="78" hits="1"/>
						<line number="79" hits="1"/>
						<line number="81" hits="1"/>
						<line number="82" hits="1"/>
						<line number="83" hits="1"/>
						<line number="84" hits="1"/>
						<line number="87" hits="2"/>
						<line number="88" hits="0"/>
						<line number="89" hits="0"/>
						<line number="90" hits="0"/>
						<line number="91" hits="0"/>
						<line number="92" hits="2"/>
						<line number="93" hits="1"/>
						<line number="94" hits="1"/>
						<line number="95" hits="3"/>
						<line number="98" hits="2"/>
						<line number="99" hits="1"/>
						<line number="100" hits="1"/>
						<line number="101" hits="1"/>
						<line number="102" hits="2"/>
						<line number="103" hits="0"/>
						<line number="104" hits="0"/>
						<line number="105" hits="0"/>
						<line number="106" hits="2"/>
						<line number="107" hits="1"/>
						<line number="108" hits="1"/>
						<line number="109" hits="1"/>
						<line number="110" hits="1"/>
						<line number="111" hits="1"/>
						<line number="112" hits="1"/>
						<line number="113" hits="1"/>
						<line number="116" hits="3"/>
						<line number="118" hits="2"/>
						<line number="120" hits="2"/>
						<line number="121" hits="2"/>
						<line number="122" hits="2"/>
						<line number="123" hits="1"/>
						<line number="125" hits="1"/>
						<line number="126" hits="1"/>
						<line number="127" hits="0"/>
						<line number="128" hits="2"/>
						<line number="130" hits="2"/>
						<line number="131" hits="3"/>
						<line number="132" hits="2"/>
						<line number="133" hits="1"/>
						<line number="136" hits="1"/>
						<line number="137" hits="4"/>
						<line number="139" hits="1"/>
						<line number="140" hits="0"/>
						<line number="144" hits="1"/>
						<line number="145" hits="1"/>
						<line number="179" hits="1"/>
						<line number="180" hits="1"/>
						<line number="181" hits="3"/>
						<line number="182" hits="1"/>
						<line number="183" hits="1"/>
						<line number="184" hits="1"/>
						<line number="185" hits="1"/>
						<line number="186" hits="3"/>
						<line number="187" hits="1"/>
						<line number="191" hits="1"/>
						<line number="192" hits="1"/>
						<line number="193" hits="4"/>
						<line number="194" hits="4"/>
						<line number="195" hits="4"/>
						<line number="197" hits="4"/>
						<line number="198" hits="4"/>
						<line number="199" hits="4"/>
						<line number="200" hits="4"/>
						<line number="203" hits="4"/>
						<line number="204" hits="4"/>
						<line number="205" hits="4"/>
						<line number="206" hits="4"/>
						<line number="207" hits="8"/>
						<line number="208" hits="4"/>
						<line number="209" hits="4"/>
						<line number="211" hits="8"/>
						<line number="212" hits="4"/>
						<line number="214" hits="8"/>
						<line number="217" hits="1"/>
						<line number="218" hits="1"/>
						<line number="219" hits="1"/>
						<line number="220" hits="1"/>
						<line number="221" hits="1"/>
						<line number="222" hits="2"/>
						<line number="223" hits="1"/>
						<line number="225" hits="2"/>
						<line number="226" hits="1"/>
						<line number="229" hits="1"/>
						<line number="230" hits="1"/>
						<line number="231" hits="1"/>
						<line number="232" hits="1"/>
						<line number="233" hits="1"/>
						<line number="235" hits="1"/>
						<line number="236" hits="1"/>
						<line number="238" hits="1"/>
						<line number="240" hits="3"/>
						<line number="241" hits="2"/>
						<line number="242" hits="1"/>
						<line number="243" hits="1"/>
						<line number="244" hits="1"/>
						<line number="245" hits="1"/>
						<line number="247" hits="2"/>
						<line number="248" hits="0"/>
						<line number="249" hits="0"/>
						<line number="251" hits="3"/>
					</lines>
				</class>
				<class name="jpg_zig__18" filename="filetypes/jpg.zig" branch-rate="1.0" complexity="1.0" line-rate="0.947">
					<lines>
						<line number="13" hits="2"/>
						<line number="14" hits="1"/>
						<line number="20" hits="2"/>
						<line number="21" hits="1"/>
						<line number="24" hits="0"/>
						<line number="25" hits="0"/>
						<line number="26" hits="0"/>
						<line number="27" hits="0"/>
						<line number="42" hits="2"/>
						<line number="43" hits="1"/>
						<line number="49" hits="2"/>
						<line number="50" hits="1"/>
						<line number="53" hits="2"/>
						<line number="54" hits="1"/>
						<line number="57" hits="2"/>
						<line number="58" hits="1"/>
						<line number="59" hits="1"/>
						<line number="60" hits="1"/>
						<line number="61" hits="0"/>
						<line number="63" hits="1"/>
						<line number="64" hits="1"/>
						<line number="65" hits="1"/>
						<line number="66" hits="1"/>
						<line number="67" hits="1"/>
						<line number="68" hits="1"/>
						<line number="70" hits="1"/>
						<line number="71" hits="1"/>
						<line number="72" hits="1"/>
						<line number="73" hits="1"/>
						<line number="74" hits="1"/>
						<line number="76" hits="1"/>
						<line number="77" hits="1"/>
						<line number="78" hits="1"/>
						<line number="79" hits="1"/>
						<line number="82" hits="2"/>
						<line number="83" hits="1"/>
						<line number="84" hits="1"/>
						<line number="85" hits="1"/>
						<line number="86" hits="1"/>
						<line number="87" hits="2"/>
						<line number="88" hits="1"/>
						<line number="89" hits="1"/>
						<line number="90" hits="3"/>
						<line number="93" hits="2"/>
						<line number="94" hits="1"/>
						<line number="95" hits="1"/>
						<line number="96" hits="1"/>
						<line number="97" hits="2"/>
						<line number="98" hits="1"/>
						<line number="99" hits="1"/>
						<line number="100" hits="1"/>
						<line number="101" hits="2"/>
						<line number="102" hits="1"/>
						<line number="103" hits="1"/>
						<line number="104" hits="1"/>
						<line number="105" hits="1"/>
						<line number="106" hits="1"/>
						<line number="107" hits="1"/>
						<line number="108" hits="3"/>
						<line number="111" hits="3"/>
						<line number="113" hits="2"/>
						<line number="115" hits="2"/>
						<line number="116" hits="2"/>
						<line number="117" hits="2"/>
						<line number="118" hits="1"/>
						<line number="120" hits="1"/>
						<line number="121" hits="1"/>
						<line number="122" hits="0"/>
						<line number="123" hits="2"/>
						<line number="125" hits="2"/>
						<line number="126" hits="3"/>
						<line number="127" hits="2"/>
						<line number="128" hits="1"/>
						<line number="131" hits="1"/>
						<line number="132" hits="4"/>
						<line number="134" hits="1"/>
						<line number="135" hits="0"/>
						<line number="139" hits="1"/>
						<line number="140" hits="1"/>
						<line number="172" hits="1"/>
						<line number="173" hits="1"/>
						<line number="174" hits="3"/>
						<line number="175" hits="1"/>
						<line number="176" hits="1"/>
						<line number="177" hits="1"/>
						<line number="178" hits="1"/>
						<line number="179" hits="3"/>
						<line number="180" hits="1"/>
						<line number="184" hits="1"/>
						<line number="185" hits="1"/>
						<line number="186" hits="4"/>
						<line number="187" hits="4"/>
						<line number="188" hits="4"/>
						<line number="190" hits="4"/>
						<line number="191" hits="4"/>
						<line number="192" hits="4"/>
						<line number="193" hits="4"/>
						<line number="196" hits="4"/>
						<line number="197" hits="4"/>
						<line number="198" hits="4"/>
						<line number="199" hits="4"/>
						<line number="200" hits="8"/>
						<line number="201" hits="4"/>
						<line number="202" hits="4"/>
						<line number="204" hits="4"/>
						<line number="206" hits="8"/>
						<line number="209" hits="1"/>
						<line number="210" hits="1"/>
						<line number="211" hits="1"/>
						<line number="212" hits="1"/>
						<line number="213" hits="1"/>
						<line number="214" hits="2"/>
						<line number="215" hits="1"/>
						<line number="216" hits="2"/>
						<line number="217" hits="1"/>
						<line number="220" hits="1"/>
						<line number="221" hits="1"/>
						<line number="222" hits="1"/>
						<line number="223" hits="1"/>
						<line number="224" hits="1"/>
						<line number="226" hits="1"/>
						<line number="227" hits="1"/>
						<line number="229" hits="1"/>
						<line number="231" hits="3"/>
						<line number="232" hits="2"/>
						<line number="233" hits="1"/>
						<line number="234" hits="1"/>
						<line number="235" hits="1"/>
						<line number="236" hits="1"/>
						<line number="238" hits="1"/>
						<line number="239" hits="3"/>
					</lines>
				</class>
				<class name="reader_zig__19" filename="reader.zig" branch-rate="1.0" complexity="1.0" line-rate="0.962">
					<lines>
						<line number="19" hits="2"/>
						<line number="20" hits="1"/>
						<line number="21" hits="1"/>
						<line number="24" hits="2"/>
						<line number="25" hits="1"/>
						<line number="28" hits="2"/>
						<line number="29" hits="2"/>
						<line number="32" hits="2"/>
						<line number="33" hits="1"/>
						<line number="85" hits="2"/>
						<line number="86" hits="1"/>
						<line number="87" hits="1"/>
						<line number="88" hits="1"/>
						<line number="89" hits="1"/>
						<line number="91" hits="1"/>
						<line number="95" hits="2"/>
						<line number="105" hits="1"/>
						<line number="106" hits="1"/>
						<line number="109" hits="2"/>
						<line number="110" hits="2"/>
						<line number="112" hits="1"/>
						<line number="113" hits="1"/>
						<line number="114" hits="2"/>
						<line number="115" hits="1"/>
						<line number="116" hits="2"/>
						<line number="119" hits="2"/>
						<line number="120" hits="1"/>
						<line number="121" hits="1"/>
						<line number="124" hits="2"/>
						<line number="125" hits="1"/>
						<line number="126" hits="2"/>
						<line number="127" hits="1"/>
						<line number="128" hits="1"/>
						<line number="131" hits="2"/>
						<line number="132" hits="1"/>
						<line number="133" hits="2"/>
						<line number="134" hits="1"/>
						<line number="135" hits="1"/>
						<line number="138" hits="2"/>
						<line number="139" hits="1"/>
						<line number="140" hits="1"/>
						<line number="143" hits="2"/>
						<line number="144" hits="1"/>
						<line number="145" hits="1"/>
						<line number="146" hits="1"/>
						<line number="147" hits="1"/>
						<line number="150" hits="2"/>
						<line number="151" hits="1"/>
						<line number="155" hits="1"/>
						<line number="156" hits="1"/>
						<line number="162" hits="1"/>
						<line number="163" hits="1"/>
						<line number="164" hits="1"/>
						<line number="165" hits="1"/>
						<line number="166" hits="1"/>
						<line number="167" hits="1"/>
						<line number="168" hits="1"/>
						<line number="169" hits="1"/>
						<line number="170" hits="1"/>
						<line number="171" hits="1"/>
						<line number="173" hits="1"/>
						<line number="174" hits="1"/>
						<line number="175" hits="2"/>
						<line number="176" hits="1"/>
						<line number="177" hits="1"/>
						<line number="178" hits="1"/>
						<line number="179" hits="1"/>
						<line number="180" hits="2"/>
						<line number="181" hits="1"/>
						<line number="182" hits="3"/>
						<line number="184" hits="1"/>
						<line number="185" hits="1"/>
						<line number="186" hits="1"/>
						<line number="187" hits="0"/>
						<line number="188" hits="0"/>
						<line number="189" hits="0"/>
						<line number="190" hits="0"/>
						<line number="191" hits="1"/>
						<line number="194" hits="1"/>
						<line number="195" hits="1"/>
						<line number="196" hits="1"/>
						<line number="197" hits="1"/>
						<line number="198" hits="0"/>
						<line number="201" hits="2"/>
						<line number="202" hits="1"/>
						<line number="203" hits="3"/>
						<line number="205" hits="1"/>
						<line number="206" hits="1"/>
						<line number="208" hits="2"/>
						<line number="209" hits="1"/>
						<line number="210" hits="2"/>
						<line number="211" hits="2"/>
						<line number="212" hits="1"/>
						<line number="213" hits="2"/>
						<line number="215" hits="2"/>
						<line number="216" hits="2"/>
						<line number="219" hits="1"/>
						<line number="220" hits="1"/>
						<line number="221" hits="1"/>
						<line number="224" hits="1"/>
						<line number="225" hits="1"/>
						<line number="226" hits="1"/>
						<line number="227" hits="1"/>
						<line number="228" hits="0"/>
						<line number="231" hits="2"/>
						<line number="232" hits="1"/>
						<line number="233" hits="2"/>
						<line number="234" hits="1"/>
						<line number="236" hits="1"/>
						<line number="237" hits="1"/>
						<line number="238" hits="1"/>
						<line number="239" hits="1"/>
						<line number="241" hits="2"/>
						<line number="242" hits="1"/>
						<line number="243" hits="2"/>
						<line number="244" hits="2"/>
						<line number="245" hits="1"/>
						<line number="246" hits="2"/>
						<line number="247" hits="1"/>
						<line number="248" hits="2"/>
						<line number="249" hits="1"/>
						<line number="250" hits="2"/>
						<line number="252" hits="2"/>
						<line number="253" hits="2"/>
						<line number="254" hits="2"/>
						<line number="255" hits="1"/>
						<line number="258" hits="1"/>
						<line number="259" hits="1"/>
						<line number="260" hits="1"/>
						<line number="261" hits="1"/>
						<line number="262" hits="1"/>
						<line number="265" hits="1"/>
						<line number="266" hits="1"/>
						<line number="267" hits="1"/>
						<line number="268" hits="1"/>
						<line number="269" hits="1"/>
						<line number="272" hits="2"/>
						<line number="273" hits="1"/>
						<line number="274" hits="2"/>
						<line number="275" hits="1"/>
						<line number="277" hits="1"/>
						<line number="278" hits="2"/>
						<line number="279" hits="1"/>
						<line number="281" hits="2"/>
						<line number="282" hits="1"/>
						<line number="283" hits="2"/>
						<line number="284" hits="2"/>
						<line number="285" hits="1"/>
						<line number="287" hits="2"/>
						<line number="288" hits="2"/>
						<line number="290" hits="3"/>
						<line number="291" hits="2"/>
						<line number="292" hits="1"/>
						<line number="293" hits="1"/>
						<line number="294" hits="1"/>
						<line number="295" hits="1"/>
						<line number="296" hits="3"/>
					</lines>
				</class>
				<class name="FilesystemHandler_zig__20" filename="FilesystemHandler.zig" branch-rate="1.0" complexity="1.0" line-rate="0.985">
					<lines>
						<line number="29" hits="2"/>
						<line number="30" hits="2"/>
						<line number="32" hits="1"/>
						<line number="33" hits="1"/>
						<line number="34" hits="1"/>
						<line number="35" hits="1"/>
						<line number="39" hits="2"/>
						<line number="40" hits="1"/>
						<line number="41" hits="1"/>
						<line number="42" hits="3"/>
						<line number="43" hits="1"/>
						<line number="44" hits="1"/>
						<line number="45" hits="2"/>
						<line number="46" hits="1"/>
						<line number="47" hits="3"/>
						<line number="48" hits="1"/>
						<line number="49" hits="2"/>
						<line number="50" hits="1"/>
						<line number="51" hits="1"/>
						<line number="54" hits="2"/>
						<line number="55" hits="1"/>
						<line number="56" hits="1"/>
						<line number="66" hits="2"/>
						<line number="67" hits="2"/>
						<line number="68" hits="1"/>
						<line number="87" hits="2"/>
						<line number="89" hits="2"/>
						<line number="90" hits="1"/>
						<line number="92" hits="3"/>
						<line number="93" hits="3"/>
						<line number="97" hits="1"/>
						<line number="102" hits="2"/>
						<line number="103" hits="1"/>
						<line number="104" hits="1"/>
						<line number="105" hits="2"/>
						<line number="106" hits="1"/>
						<line number="108" hits="1"/>
						<line number="109" hits="0"/>
						<line number="110" hits="1"/>
						<line number="111" hits="1"/>
						<line number="112" hits="1"/>
						<line number="115" hits="1"/>
						<line number="116" hits="1"/>
						<line number="126" hits="1"/>
						<line number="127" hits="1"/>
						<line number="128" hits="1"/>
						<line number="129" hits="1"/>
						<line number="130" hits="1"/>
						<line number="133" hits="1"/>
						<line number="134" hits="1"/>
						<line number="135" hits="1"/>
						<line number="136" hits="1"/>
						<line number="137" hits="1"/>
						<line number="139" hits="1"/>
						<line number="140" hits="1"/>
						<line number="141" hits="1"/>
						<line number="143" hits="1"/>
						<line number="144" hits="1"/>
						<line number="145" hits="1"/>
						<line number="147" hits="1"/>
						<line number="148" hits="1"/>
						<line number="149" hits="1"/>
						<line number="150" hits="2"/>
						<line number="151" hits="1"/>
						<line number="153" hits="1"/>
					</lines>
				</class>
				<class name="lib_zig__21" filename="lib.zig" branch-rate="1.0" complexity="1.0" line-rate="1.000">
					<lines>
						<line number="22" hits="1"/>
						<line number="23" hits="1"/>
					</lines>
				</class>
			</classes>
		</package>
	</packages>
</coverage>
